[INFO] 正在注册EchoServer插件...
[INFO] 应用注册成功: echo
[INFO] EchoServer插件注册成功
[INFO] 正在注册RedisApplicationServer插件...
[INFO] 应用注册成功: redis_app
[INFO] RedisApplicationServer插件注册成功
[INFO] 使用方式: 在配置文件中设置 application.type = redis_app
[INFO] 正在注册DirectRedisServer插件...
[INFO] 应用注册成功: direct_redis
[INFO] DirectRedisServer插件注册成功
[INFO] 使用方式: 在配置文件中设置 application.type = direct_redis
使用指定的配置文件: /home/sgly/桌面/NetBox/performance_results/flamegraph_config.yaml
[INFO] 检测到YAML格式配置文件: /home/sgly/桌面/NetBox/performance_results/flamegraph_config.yaml
[INFO] 成功加载YAML配置文件: /home/sgly/桌面/NetBox/performance_results/flamegraph_config.yaml, 共14个配置项
2025-08-27 18:38:30.041 [INFO] 正在创建应用: echo
2025-08-27 18:38:30.042 [INFO] 可用的应用类型: 
2025-08-27 18:38:30.042 [INFO]   - direct_redis
2025-08-27 18:38:30.042 [INFO]   - echo
2025-08-27 18:38:30.042 [INFO]   - redis_app
2025-08-27 18:38:30.042 [INFO] 创建EchoServer实例: 127.0.0.1:8888
2025-08-27 18:38:30.042 [INFO] 注册SimpleHeader协议，ID: 1
2025-08-27 18:38:30.042 [INFO] 注册HTTP协议，ID: 2
2025-08-27 18:38:30.042 [INFO] 应用创建成功: echo (127.0.0.1:8888)
2025-08-27 18:38:30.042 [ERROR] bind failed
2025-08-27 18:38:30.042 [ERROR] echo 服务器启动失败！
2025-08-27 18:38:30.047 [INFO] [TcpServer] 服务器已停止
2025-08-27 18:38:30.048 [INFO] [TcpServer] 服务器已停止
