==60922== Memcheck, a memory error detector
==60922== Copyright (C) 2002-2022, and GNU GPL'd, by Julian Seward et al.
==60922== Using Valgrind-3.22.0-bd4db67b1d-20231031 and LibVEX; rerun with -h for copyright info
==60922== Command: ./build/bin/NetBox config/config_redis_app.yaml
==60922== Parent PID: 60920
==60922== 
--60922-- 
--60922-- Valgrind options:
--60922--    --tool=memcheck
--60922--    --leak-check=full
--60922--    --show-leak-kinds=all
--60922--    --track-origins=yes
--60922--    --verbose
--60922--    --log-file=logs/memcheck_basic.log
--60922--    --suppressions=valgrind.supp
--60922-- Contents of /proc/version:
--60922--   Linux version 6.14.0-24-generic (buildd@lcy02-amd64-010) (x86_64-linux-gnu-gcc-13 (Ubuntu 13.3.0-6ubuntu2~24.04) 13.3.0, GNU ld (GNU Binutils for Ubuntu) 2.42) #24~24.04.3-Ubuntu SMP PREEMPT_DYNAMIC Mon Jul  7 16:39:17 UTC 2
--60922-- 
--60922-- Arch and hwcaps: AMD64, LittleEndian, amd64-cx16-lzcnt-rdtscp-sse3-ssse3-avx-avx2-bmi-f16c-rdrand-rdseed
--60922-- Page sizes: currently 4096, max supported 4096
--60922-- Valgrind library directory: /usr/libexec/valgrind
--60922-- Reading syms from /home/sgly/桌面/NetBox/build/bin/NetBox
--60922-- Reading syms from /usr/lib/x86_64-linux-gnu/ld-linux-x86-64.so.2
--60922--   Considering /usr/lib/debug/.build-id/28/1ac1521b4102509b1c7ac7004db7c1efb81796.debug ..
--60922--   .. build-id is valid
--60922-- Reading syms from /usr/libexec/valgrind/memcheck-amd64-linux
--60922--    object doesn't have a dynamic symbol table
--60922-- Scheduler: using generic scheduler lock implementation.
--60922-- Reading suppressions file: valgrind.supp
location should be "...", or should start with "fun:", "obj:", or "src:"
==60922== FATAL: in suppressions file "valgrind.supp" near line 49:
==60922==    location should be "...", or should start with "fun:", "obj:", or "src:"
==60922== exiting now.
